#
# A fatal error has been detected by the Java Runtime Environment:
#
#  EXCEPTION_PRIV_INSTRUCTION (0xc0000096) at pc=0x00000000029a5a4d, pid=1816, tid=0x0000000000000c04
#
# JRE version: Java(TM) SE Runtime Environment (8.0_211-b12) (build 1.8.0_211-b12)
# Java VM: Java HotSpot(TM) 64-Bit Server VM (25.211-b12 mixed mode windows-amd64 compressed oops)
# Problematic frame:
# j  javax.persistence.Persistence.<clinit>()V+72
#
# Failed to write core dump. Minidumps are not enabled by default on client versions of Windows
#
# If you would like to submit a bug report, please visit:
#   http://bugreport.java.com/bugreport/crash.jsp
#

---------------  T H R E A D  ---------------

Current thread (0x0000000020914800):  JavaThread "background-preinit" [_thread_in_Java, id=3076, stack(0x0000000022140000,0x0000000022240000)]

siginfo: ExceptionCode=0xc0000096

Registers:
RAX=0x0000000000000000, RBX=0x0000000000000048, RCX=0x0000000000000000, RDX=0x0000000000000000
RSP=0x000000002223e580, RBP=0x000000002223e618, RSI=0x0000000020914800, RDI=0x00000000ffffffff
R8 =0x0000000000000061, R9 =0x0000000002891850, R10=0x0000000000000061, R11=0x000000002223dd50
R12=0x0000000000000000, R13=0x00000000223d59c2, R14=0x000000002223e620, R15=0x0000000020914800
RIP=0x00000000029a5a4d, EFLAGS=0x0000000000010206

Top of Stack: (sp=0x000000002223e580)
0x000000002223e580:   0000000020914800 000000002223e620
0x000000002223e590:   0000000000000048 0000000020914800
0x000000002223e5a0:   00000000223d8b68 000000005c68eef0
0x000000002223e5b0:   000000000000000a 000000000000000a
0x000000002223e5c0:   00000000ffffffff 0000000020914800
0x000000002223e5d0:   000000002223e618 000000002223e600
0x000000002223e5e0:   0000000000000048 0000000000000000
0x000000002223e5f0:   000000002223e620 0000000000000000
0x000000002223e600:   00000000223d59c0 0000000000000000
0x000000002223e610:   000000002223e5d8 000000002223e700
0x000000002223e620:   00000000029a08da 0000000000000000
0x000000002223e630:   0000000000000000 0000000000000000
0x000000002223e640:   0000000000000000 0000000000000000
0x000000002223e650:   0000000000000000 0000000000000000
0x000000002223e660:   0000000000000000 0000000000000000
0x000000002223e670:   0000000000000000 0000000000000000 

Instructions: (pc=0x00000000029a5a4d)
0x00000000029a5a2d:   48 b9 b0 df 47 5c 00 00 00 00 48 ba d7 59 9a 02
0x00000000029a5a3d:   00 00 00 00 4c 8b c4 48 83 e4 f0 e8 73 12 7d 59
0x00000000029a5a4d:   f4 66 90 00 00 00 00 00 00 00 00 00 00 00 00 00
0x00000000029a5a5d:   00 00 00 80 20 00 00 00 00 00 00 98 df 47 5c 00 


Register to memory mapping:

RAX=0x0000000000000000 is an unknown value
RBX=0x0000000000000048 is an unknown value
RCX=0x0000000000000000 is an unknown value
RDX=0x0000000000000000 is an unknown value
RSP=0x000000002223e580 is pointing into the stack for thread: 0x0000000020914800
RBP=0x000000002223e618 is pointing into the stack for thread: 0x0000000020914800
RSI=0x0000000020914800 is a thread
RDI=0x00000000ffffffff is an unknown value
R8 =0x0000000000000061 is an unknown value
R9 =0x0000000002891850 is an unknown value
R10=0x0000000000000061 is an unknown value
R11=0x000000002223dd50 is pointing into the stack for thread: 0x0000000020914800
R12=0x0000000000000000 is an unknown value
R13=0x00000000223d59c2 is pointing into metadata
R14=0x000000002223e620 is pointing into the stack for thread: 0x0000000020914800
R15=0x0000000020914800 is a thread


Stack: [0x0000000022140000,0x0000000022240000],  sp=0x000000002223e580,  free space=1017k
Native frames: (J=compiled Java code, j=interpreted, Vv=VM code, C=native code)
C  0x00000000029a5a4d


---------------  P R O C E S S  ---------------

Java Threads: ( => current thread )
=>0x0000000020914800 JavaThread "background-preinit" [_thread_in_Java, id=3076, stack(0x0000000022140000,0x0000000022240000)]
  0x000000001fc49000 JavaThread "restartedMain" [_thread_in_native, id=1604, stack(0x0000000022040000,0x0000000022140000)]
  0x000000001e409800 JavaThread "Thread-3" [_thread_blocked, id=10520, stack(0x0000000021f40000,0x0000000022040000)]
  0x00000000201c6000 JavaThread "logback-appender-STASH-10.58.71.138:8000-2" daemon [_thread_in_native, id=8544, stack(0x0000000021d40000,0x0000000021e40000)]
  0x0000000020183000 JavaThread "JMX server connection timeout 21" daemon [_thread_blocked, id=14224, stack(0x0000000021a40000,0x0000000021b40000)]
  0x0000000020184000 JavaThread "RMI TCP Connection(2)-127.0.0.1" daemon [_thread_in_native, id=7528, stack(0x0000000021940000,0x0000000021a40000)]
  0x0000000020181800 JavaThread "RMI Scheduler(0)" daemon [_thread_blocked, id=11972, stack(0x0000000021740000,0x0000000021840000)]
  0x00000000200e3000 JavaThread "RMI TCP Connection(1)-127.0.0.1" daemon [_thread_in_native, id=11616, stack(0x0000000021640000,0x0000000021740000)]
  0x000000001fdcd000 JavaThread "RMI TCP Accept-0" daemon [_thread_in_native, id=10864, stack(0x0000000020f00000,0x0000000021000000)]
  0x000000001fdc1000 JavaThread "RMI TCP Accept-59441" daemon [_thread_in_native, id=352, stack(0x0000000020e00000,0x0000000020f00000)]
  0x000000001fdb3000 JavaThread "RMI TCP Accept-0" daemon [_thread_in_native, id=12128, stack(0x0000000020d00000,0x0000000020e00000)]
  0x000000001e20a800 JavaThread "Service Thread" daemon [_thread_blocked, id=7316, stack(0x000000001f430000,0x000000001f530000)]
  0x000000001e169000 JavaThread "C1 CompilerThread3" daemon [_thread_blocked, id=9532, stack(0x000000001f330000,0x000000001f430000)]
  0x000000001e167000 JavaThread "C2 CompilerThread2" daemon [_thread_blocked, id=15432, stack(0x000000001f230000,0x000000001f330000)]
  0x000000001e15d800 JavaThread "C2 CompilerThread1" daemon [_thread_blocked, id=14708, stack(0x000000001f130000,0x000000001f230000)]
  0x000000001e159000 JavaThread "C2 CompilerThread0" daemon [_thread_blocked, id=10780, stack(0x000000001f030000,0x000000001f130000)]
  0x000000001e150800 JavaThread "JDWP Command Reader" daemon [_thread_in_native, id=10548, stack(0x000000001ef30000,0x000000001f030000)]
  0x000000001e145800 JavaThread "JDWP Event Helper Thread" daemon [_thread_blocked, id=8296, stack(0x000000001ee30000,0x000000001ef30000)]
  0x000000001e13b000 JavaThread "JDWP Transport Listener: dt_socket" daemon [_thread_blocked, id=11856, stack(0x000000001ed30000,0x000000001ee30000)]
  0x000000001e12f800 JavaThread "Attach Listener" daemon [_thread_blocked, id=8528, stack(0x000000001e8f0000,0x000000001e9f0000)]
  0x000000001e12e800 JavaThread "Signal Dispatcher" daemon [_thread_blocked, id=5372, stack(0x000000001e7f0000,0x000000001e8f0000)]
  0x000000001e111800 JavaThread "Finalizer" daemon [_thread_blocked, id=2776, stack(0x000000001e5f0000,0x000000001e6f0000)]
  0x000000001e110800 JavaThread "Reference Handler" daemon [_thread_blocked, id=7332, stack(0x000000001e4f0000,0x000000001e5f0000)]
  0x00000000028ad000 JavaThread "main" [_thread_blocked, id=14960, stack(0x00000000026e0000,0x00000000027e0000)]

Other Threads:
  0x000000001c31a800 VMThread [stack: 0x000000001dff0000,0x000000001e0f0000] [id=12640]
  0x000000001fdce800 WatcherThread [stack: 0x0000000021000000,0x0000000021100000] [id=12712]

VM state:not at safepoint (normal execution)

VM Mutex/Monitor currently owned by a thread: None

heap address: 0x00000006c2c00000, size: 4052 MB, Compressed Oops mode: Zero based, Oop shift amount: 3
Narrow klass base: 0x0000000000000000, Narrow klass shift: 3
Compressed class space size: 1073741824 Address: 0x00000007c0000000

Heap:
 PSYoungGen      total 75776K, used 56881K [0x000000076b980000, 0x0000000774d80000, 0x00000007c0000000)
  eden space 65024K, 72% used [0x000000076b980000,0x000000076e7c3ed0,0x000000076f900000)
  from space 10752K, 88% used [0x0000000770380000,0x0000000770cc86a0,0x0000000770e00000)
  to   space 10752K, 0% used [0x000000076f900000,0x000000076f900000,0x0000000770380000)
 ParOldGen       total 173568K, used 88K [0x00000006c2c00000, 0x00000006cd580000, 0x000000076b980000)
  object space 173568K, 0% used [0x00000006c2c00000,0x00000006c2c16010,0x00000006cd580000)
 Metaspace       used 17977K, capacity 18372K, committed 18560K, reserved 1064960K
  class space    used 2239K, capacity 2351K, committed 2432K, reserved 1048576K

Card table byte_map: [0x0000000011d60000,0x0000000012550000] byte_map_base: 0x000000000e74a000

Marking Bits: (ParMarkBitMap*) 0x000000005c6a5ce0
 Begin Bits: [0x00000000132a0000, 0x00000000171f0000)
 End Bits:   [0x00000000171f0000, 0x000000001b140000)

Polling page: 0x0000000000ce0000

CodeCache: size=245760Kb used=3252Kb max_used=3252Kb free=242507Kb
 bounds [0x00000000029a0000, 0x0000000002cd0000, 0x00000000119a0000]
 total_blobs=1726 nmethods=1319 adapters=327
 compilation: enabled

Compilation events (10 events):
Event: 1.411 Thread 0x000000001e169000 1312       1       org.springframework.boot.context.properties.source.ConfigurationPropertyName::processElement (26 bytes)
Event: 1.411 Thread 0x000000001e169000 nmethod 1312 0x0000000002ccc150 code [0x0000000002ccc2c0, 0x0000000002ccc438]
Event: 1.411 Thread 0x000000001e169000 1315       1       java.lang.reflect.Modifier::isProtected (12 bytes)
Event: 1.411 Thread 0x000000001e169000 nmethod 1315 0x0000000002ccc690 code [0x0000000002ccc7e0, 0x0000000002ccc8f0]
Event: 1.411 Thread 0x000000001e169000 1317       1       java.lang.invoke.LambdaForm$BasicType::basicTypeChar (8 bytes)
Event: 1.411 Thread 0x000000001e169000 nmethod 1317 0x0000000002ccc950 code [0x0000000002cccac0, 0x0000000002cccc68]
Event: 1.412 Thread 0x000000001e169000 1318       1       org.springframework.boot.context.properties.source.ConfigurationPropertyName::getNumberOfElements (6 bytes)
Event: 1.412 Thread 0x000000001e169000 nmethod 1318 0x0000000002cccdd0 code [0x0000000002cccf20, 0x0000000002ccd030]
Event: 1.412 Thread 0x000000001e169000 1319       1       org.springframework.boot.context.properties.source.PropertyMapping::getConfigurationPropertyName (5 bytes)
Event: 1.412 Thread 0x000000001e169000 nmethod 1319 0x0000000002ccd0d0 code [0x0000000002ccd220, 0x0000000002ccd330]

GC Heap History (4 events):
Event: 1.006 GC heap before
{Heap before GC invocations=1 (full 0):
 PSYoungGen      total 75776K, used 65024K [0x000000076b980000, 0x0000000770e00000, 0x00000007c0000000)
  eden space 65024K, 100% used [0x000000076b980000,0x000000076f900000,0x000000076f900000)
  from space 10752K, 0% used [0x0000000770380000,0x0000000770380000,0x0000000770e00000)
  to   space 10752K, 0% used [0x000000076f900000,0x000000076f900000,0x0000000770380000)
 ParOldGen       total 173568K, used 0K [0x00000006c2c00000, 0x00000006cd580000, 0x000000076b980000)
  object space 173568K, 0% used [0x00000006c2c00000,0x00000006c2c00000,0x00000006cd580000)
 Metaspace       used 13013K, capacity 13208K, committed 13568K, reserved 1060864K
  class space    used 1599K, capacity 1674K, committed 1792K, reserved 1048576K
Event: 1.011 GC heap after
Heap after GC invocations=1 (full 0):
 PSYoungGen      total 75776K, used 6459K [0x000000076b980000, 0x0000000770e00000, 0x00000007c0000000)
  eden space 65024K, 0% used [0x000000076b980000,0x000000076b980000,0x000000076f900000)
  from space 10752K, 60% used [0x000000076f900000,0x000000076ff4ec68,0x0000000770380000)
  to   space 10752K, 0% used [0x0000000770380000,0x0000000770380000,0x0000000770e00000)
 ParOldGen       total 173568K, used 80K [0x00000006c2c00000, 0x00000006cd580000, 0x000000076b980000)
  object space 173568K, 0% used [0x00000006c2c00000,0x00000006c2c14010,0x00000006cd580000)
 Metaspace       used 13013K, capacity 13208K, committed 13568K, reserved 1060864K
  class space    used 1599K, capacity 1674K, committed 1792K, reserved 1048576K
}
Event: 1.217 GC heap before
{Heap before GC invocations=2 (full 0):
 PSYoungGen      total 75776K, used 71478K [0x000000076b980000, 0x0000000770e00000, 0x00000007c0000000)
  eden space 65024K, 99% used [0x000000076b980000,0x000000076f8feca0,0x000000076f900000)
  from space 10752K, 60% used [0x000000076f900000,0x000000076ff4ec68,0x0000000770380000)
  to   space 10752K, 0% used [0x0000000770380000,0x0000000770380000,0x0000000770e00000)
 ParOldGen       total 173568K, used 80K [0x00000006c2c00000, 0x00000006cd580000, 0x000000076b980000)
  object space 173568K, 0% used [0x00000006c2c00000,0x00000006c2c14010,0x00000006cd580000)
 Metaspace       used 14969K, capacity 15160K, committed 15232K, reserved 1062912K
  class space    used 1838K, capacity 1902K, committed 1920K, reserved 1048576K
Event: 1.227 GC heap after
Heap after GC invocations=2 (full 0):
 PSYoungGen      total 75776K, used 9505K [0x000000076b980000, 0x0000000774d80000, 0x00000007c0000000)
  eden space 65024K, 0% used [0x000000076b980000,0x000000076b980000,0x000000076f900000)
  from space 10752K, 88% used [0x0000000770380000,0x0000000770cc86a0,0x0000000770e00000)
  to   space 10752K, 0% used [0x000000076f900000,0x000000076f900000,0x0000000770380000)
 ParOldGen       total 173568K, used 88K [0x00000006c2c00000, 0x00000006cd580000, 0x000000076b980000)
  object space 173568K, 0% used [0x00000006c2c00000,0x00000006c2c16010,0x00000006cd580000)
 Metaspace       used 14969K, capacity 15160K, committed 15232K, reserved 1062912K
  class space    used 1838K, capacity 1902K, committed 1920K, reserved 1048576K
}

Deoptimization events (0 events):
No events

Classes redefined (0 events):
No events

Internal exceptions (10 events):
Event: 1.378 Thread 0x000000001fc49000 Exception <a 'java/lang/ArrayIndexOutOfBoundsException'> (0x000000076df07628) thrown at [C:\re\workspace\8-2-build-windows-amd64-cygwin\jdk8u211\12973\hotspot\src\share\vm\runtime\sharedRuntime.cpp, line 605]
Event: 1.378 Thread 0x0000000020914800 Exception <a 'java/lang/ArrayIndexOutOfBoundsException'> (0x000000076de9c298) thrown at [C:\re\workspace\8-2-build-windows-amd64-cygwin\jdk8u211\12973\hotspot\src\share\vm\runtime\sharedRuntime.cpp, line 605]
Event: 1.378 Thread 0x000000001fc49000 Exception <a 'java/lang/ArrayIndexOutOfBoundsException'> (0x000000076df10d30) thrown at [C:\re\workspace\8-2-build-windows-amd64-cygwin\jdk8u211\12973\hotspot\src\share\vm\runtime\sharedRuntime.cpp, line 605]
Event: 1.379 Thread 0x000000001fc49000 Exception <a 'java/lang/ArrayIndexOutOfBoundsException'> (0x000000076df1ac58) thrown at [C:\re\workspace\8-2-build-windows-amd64-cygwin\jdk8u211\12973\hotspot\src\share\vm\runtime\sharedRuntime.cpp, line 605]
Event: 1.379 Thread 0x000000001fc49000 Exception <a 'java/lang/ArrayIndexOutOfBoundsException'> (0x000000076df249f8) thrown at [C:\re\workspace\8-2-build-windows-amd64-cygwin\jdk8u211\12973\hotspot\src\share\vm\runtime\sharedRuntime.cpp, line 605]
Event: 1.383 Thread 0x000000001fc49000 Exception <a 'java/lang/ArrayIndexOutOfBoundsException'> (0x000000076dfff598) thrown at [C:\re\workspace\8-2-build-windows-amd64-cygwin\jdk8u211\12973\hotspot\src\share\vm\runtime\sharedRuntime.cpp, line 605]
Event: 1.400 Thread 0x000000001fc49000 Exception <a 'java/lang/NoSuchMethodError': java.lang.Object.lambda$identity$2(Ljava/lang/Object;)Ljava/lang/Object;> (0x000000076e448410) thrown at [C:\re\workspace\8-2-build-windows-amd64-cygwin\jdk8u211\12973\hotspot\src\share\vm\interpreter\linkResolv
Event: 1.402 Thread 0x000000001fc49000 Exception <a 'java/lang/NoSuchMethodError': java.lang.Object.lambda$static$0(CI)C> (0x000000076e4690c8) thrown at [C:\re\workspace\8-2-build-windows-amd64-cygwin\jdk8u211\12973\hotspot\src\share\vm\interpreter\linkResolver.cpp, line 620]
Event: 1.403 Thread 0x000000001fc49000 Exception <a 'java/lang/NoSuchMethodError': java.lang.Object.lambda$static$1(CI)C> (0x000000076e46bb30) thrown at [C:\re\workspace\8-2-build-windows-amd64-cygwin\jdk8u211\12973\hotspot\src\share\vm\interpreter\linkResolver.cpp, line 620]
Event: 1.406 Thread 0x000000001fc49000 Exception <a 'java/lang/NoSuchMethodError': java.lang.Object.lambda$chars$0()Ljava/util/Spliterator$OfInt;> (0x000000076e59a378) thrown at [C:\re\workspace\8-2-build-windows-amd64-cygwin\jdk8u211\12973\hotspot\src\share\vm\interpreter\linkResolver.cpp, li

Events (10 events):
Event: 1.414 Thread 0x0000000020914800 DEOPT PACKING pc=0x0000000002c2fecc sp=0x000000002223cd40
Event: 1.414 Thread 0x0000000020914800 DEOPT UNPACKING pc=0x00000000029e7890 sp=0x000000002223cb60 mode 1
Event: 1.414 Thread 0x0000000020914800 DEOPT PACKING pc=0x0000000002bb6291 sp=0x000000002223cd80
Event: 1.414 Thread 0x0000000020914800 DEOPT UNPACKING pc=0x00000000029e7890 sp=0x000000002223cae0 mode 1
Event: 1.414 Thread 0x0000000020914800 DEOPT PACKING pc=0x0000000002bafc4c sp=0x000000002223ced0
Event: 1.414 Thread 0x0000000020914800 DEOPT UNPACKING pc=0x00000000029e7890 sp=0x000000002223cc48 mode 1
Event: 1.414 Thread 0x0000000020914800 DEOPT PACKING pc=0x0000000002baaa3c sp=0x000000002223cf80
Event: 1.414 Thread 0x0000000020914800 DEOPT UNPACKING pc=0x00000000029e7890 sp=0x000000002223ccc0 mode 1
Event: 1.414 Thread 0x0000000020914800 DEOPT PACKING pc=0x0000000002c8940c sp=0x000000002223d8b0
Event: 1.414 Thread 0x0000000020914800 DEOPT UNPACKING pc=0x00000000029e7890 sp=0x000000002223d628 mode 1


Dynamic libraries:
0x00007ff736930000 - 0x00007ff736967000 	C:\Program Files\Java\jdk1.8.0_211\bin\javaw.exe
0x00007ffe85780000 - 0x00007ffe85970000 	C:\WINDOWS\SYSTEM32\ntdll.dll
0x00007ffe854d0000 - 0x00007ffe85582000 	C:\WINDOWS\System32\KERNEL32.DLL
0x00007ffe82710000 - 0x00007ffe829b3000 	C:\WINDOWS\System32\KERNELBASE.dll
0x00007ffe845d0000 - 0x00007ffe84673000 	C:\WINDOWS\System32\ADVAPI32.dll
0x00007ffe85590000 - 0x00007ffe8562e000 	C:\WINDOWS\System32\msvcrt.dll
0x00007ffe839e0000 - 0x00007ffe83a77000 	C:\WINDOWS\System32\sechost.dll
0x00007ffe83f10000 - 0x00007ffe84030000 	C:\WINDOWS\System32\RPCRT4.dll
0x00007ffe85330000 - 0x00007ffe854c4000 	C:\WINDOWS\System32\USER32.dll
0x00007ffe83530000 - 0x00007ffe83551000 	C:\WINDOWS\System32\win32u.dll
0x00007ffe83d90000 - 0x00007ffe83db6000 	C:\WINDOWS\System32\GDI32.dll
0x00007ffe835e0000 - 0x00007ffe83774000 	C:\WINDOWS\System32\gdi32full.dll
0x00007ffe83190000 - 0x00007ffe8322e000 	C:\WINDOWS\System32\msvcp_win.dll
0x00007ffe83400000 - 0x00007ffe834fa000 	C:\WINDOWS\System32\ucrtbase.dll
0x00007ffe73470000 - 0x00007ffe736f5000 	C:\WINDOWS\WinSxS\amd64_microsoft.windows.common-controls_6595b64144ccf1df_6.0.18362.720_none_e6beb5c51314836b\COMCTL32.dll
0x00007ffe84ff0000 - 0x00007ffe85326000 	C:\WINDOWS\System32\combase.dll
0x00007ffe83560000 - 0x00007ffe835e0000 	C:\WINDOWS\System32\bcryptPrimitives.dll
0x00007ffe83a80000 - 0x00007ffe83aae000 	C:\WINDOWS\System32\IMM32.DLL
0x000000005c730000 - 0x000000005c802000 	C:\Program Files\Java\jdk1.8.0_211\jre\bin\msvcr100.dll
0x000000005be80000 - 0x000000005c725000 	C:\Program Files\Java\jdk1.8.0_211\jre\bin\server\jvm.dll
0x00007ffe83ab0000 - 0x00007ffe83ab8000 	C:\WINDOWS\System32\PSAPI.DLL
0x00007ffe7f300000 - 0x00007ffe7f324000 	C:\WINDOWS\SYSTEM32\WINMM.dll
0x00007ffe7f3e0000 - 0x00007ffe7f3e9000 	C:\WINDOWS\SYSTEM32\WSOCK32.dll
0x00007ffe7cb30000 - 0x00007ffe7cb3a000 	C:\WINDOWS\SYSTEM32\VERSION.dll
0x00007ffe83ac0000 - 0x00007ffe83b2f000 	C:\WINDOWS\System32\WS2_32.dll
0x00007ffe7f2d0000 - 0x00007ffe7f2fd000 	C:\WINDOWS\SYSTEM32\WINMMBASE.dll
0x00007ffe83140000 - 0x00007ffe8318a000 	C:\WINDOWS\System32\cfgmgr32.dll
0x00007ffe7d4b0000 - 0x00007ffe7d4bf000 	C:\Program Files\Java\jdk1.8.0_211\jre\bin\verify.dll
0x00007ffe712a0000 - 0x00007ffe712c9000 	C:\Program Files\Java\jdk1.8.0_211\jre\bin\java.dll
0x00007ffe71260000 - 0x00007ffe71295000 	C:\Program Files\Java\jdk1.8.0_211\jre\bin\jdwp.dll
0x00007ffe72810000 - 0x00007ffe72818000 	C:\Program Files\Java\jdk1.8.0_211\jre\bin\npt.dll
0x00007ffe71240000 - 0x00007ffe71256000 	C:\Program Files\Java\jdk1.8.0_211\jre\bin\zip.dll
0x00007ffe84690000 - 0x00007ffe84d75000 	C:\WINDOWS\System32\SHELL32.dll
0x00007ffe85630000 - 0x00007ffe856d9000 	C:\WINDOWS\System32\shcore.dll
0x00007ffe829c0000 - 0x00007ffe83140000 	C:\WINDOWS\System32\windows.storage.dll
0x00007ffe82650000 - 0x00007ffe82673000 	C:\WINDOWS\System32\profapi.dll
0x00007ffe82680000 - 0x00007ffe826ca000 	C:\WINDOWS\System32\powrprof.dll
0x00007ffe82640000 - 0x00007ffe82650000 	C:\WINDOWS\System32\UMPDC.dll
0x00007ffe84f90000 - 0x00007ffe84fe2000 	C:\WINDOWS\System32\shlwapi.dll
0x00007ffe826f0000 - 0x00007ffe82701000 	C:\WINDOWS\System32\kernel.appcore.dll
0x00007ffe83230000 - 0x00007ffe83247000 	C:\WINDOWS\System32\cryptsp.dll
0x00007ffe71f10000 - 0x00007ffe71f19000 	C:\Program Files\Java\jdk1.8.0_211\jre\bin\dt_socket.dll
0x00007ffe6dd30000 - 0x00007ffe6dd46000 	C:\WINDOWS\system32\napinsp.dll
0x00007ffe6dd00000 - 0x00007ffe6dd1a000 	C:\WINDOWS\system32\pnrpnsp.dll
0x00007ffe81eb0000 - 0x00007ffe81f17000 	C:\WINDOWS\System32\mswsock.dll
0x00007ffe81c00000 - 0x00007ffe81cca000 	C:\WINDOWS\SYSTEM32\DNSAPI.dll
0x00007ffe83d60000 - 0x00007ffe83d68000 	C:\WINDOWS\System32\NSI.dll
0x00007ffe81bc0000 - 0x00007ffe81bfa000 	C:\WINDOWS\SYSTEM32\IPHLPAPI.DLL
0x00007ffe6dcf0000 - 0x00007ffe6dcfe000 	C:\WINDOWS\System32\winrnr.dll
0x00007ffe7c9f0000 - 0x00007ffe7ca0c000 	C:\WINDOWS\system32\NLAapi.dll
0x00007ffe6dcd0000 - 0x00007ffe6dce5000 	C:\WINDOWS\system32\wshbth.dll
0x00007ffe7b8a0000 - 0x00007ffe7b917000 	C:\WINDOWS\System32\fwpuclnt.dll
0x00007ffe83500000 - 0x00007ffe83526000 	C:\WINDOWS\System32\bcrypt.dll
0x00007ffe79080000 - 0x00007ffe7908a000 	C:\Windows\System32\rasadhlp.dll
0x00007ffe716e0000 - 0x00007ffe716ed000 	C:\Program Files\Java\jdk1.8.0_211\jre\bin\management.dll
0x00007ffe71100000 - 0x00007ffe7111a000 	C:\Program Files\Java\jdk1.8.0_211\jre\bin\net.dll
0x00007ffe74b20000 - 0x00007ffe74cf5000 	C:\WINDOWS\SYSTEM32\urlmon.dll
0x00007ffe74720000 - 0x00007ffe749c6000 	C:\WINDOWS\SYSTEM32\iertutil.dll
0x00007ffe82080000 - 0x00007ffe8208c000 	C:\WINDOWS\SYSTEM32\CRYPTBASE.DLL
0x00007ffe710e0000 - 0x00007ffe710f2000 	C:\Program Files\Java\jdk1.8.0_211\jre\bin\nio.dll
0x00007ffe81a20000 - 0x00007ffe81a53000 	C:\WINDOWS\system32\rsaenh.dll
0x00007ffe82560000 - 0x00007ffe82585000 	C:\WINDOWS\SYSTEM32\USERENV.dll
0x00007ffe7e790000 - 0x00007ffe7e7a6000 	C:\WINDOWS\SYSTEM32\dhcpcsvc6.DLL
0x00007ffe7c930000 - 0x00007ffe7c94c000 	C:\WINDOWS\SYSTEM32\dhcpcsvc.DLL
0x00007ffe781c0000 - 0x00007ffe783b4000 	C:\WINDOWS\SYSTEM32\dbghelp.dll

VM Arguments:
jvm_args: -agentlib:jdwp=transport=dt_socket,suspend=y,address=localhost:59442 -Dcom.sun.management.jmxremote -Dcom.sun.management.jmxremote.port=59441 -Dcom.sun.management.jmxremote.authenticate=false -Dcom.sun.management.jmxremote.ssl=false -Djava.rmi.server.hostname=localhost -Dspring.application.admin.enabled=true -Xverify:none -XX:TieredStopAtLevel=1 -Dfile.encoding=UTF-8 
java_command: com.apigateway.config.ApiGatewayApplication
java_class_path (initial): C:\Users\blu23\Documents\My Project\hiep-projects\api-gateway\target\classes;C:\Users\blu23\Documents\My Project\hiep-projects\api-common\target\classes;C:\Users\blu23\.m2\repository\org\springframework\cloud\spring-cloud-starter-stream-kafka\2.0.0.RELEASE\spring-cloud-starter-stream-kafka-2.0.0.RELEASE.jar;C:\Users\blu23\.m2\repository\org\springframework\cloud\spring-cloud-stream-binder-kafka\2.0.0.RELEASE\spring-cloud-stream-binder-kafka-2.0.0.RELEASE.jar;C:\Users\blu23\.m2\repository\org\springframework\cloud\spring-cloud-stream-binder-kafka-core\2.0.0.RELEASE\spring-cloud-stream-binder-kafka-core-2.0.0.RELEASE.jar;C:\Users\blu23\.m2\repository\org\springframework\integration\spring-integration-kafka\3.0.3.RELEASE\spring-integration-kafka-3.0.3.RELEASE.jar;C:\Users\blu23\.m2\repository\org\springframework\cloud\spring-cloud-stream\2.0.0.RELEASE\spring-cloud-stream-2.0.0.RELEASE.jar;C:\Users\blu23\.m2\repository\org\springframework\boot\spring-boot-starter-validation\2.0.6.RELEASE\spring-boot-starter-validation-2.0.6.RELEASE.jar;C:\Users\blu23\.m2\repository\org\springframework\spring-messaging\5.0.10.RELEASE\spring-messaging-5.0.10.RELEASE.jar;C:\Users\blu23\.m2\repository\org\springframework\integration\spring-integration-core\5.0.9.RELEASE\spring-integration-core-5.0.9.RELEASE.jar;C:\Users\blu23\.m2\repository\io\projectreactor\reactor-core\3.1.10.RELEASE\reactor-core-3.1.10.RELEASE.jar;C:\Users\blu23\.m2\repository\org\springframework\integration\spring-integration-jmx\5.0.9.RELEASE\spring-integration-jmx-5.0.9.RELEASE.jar;C:\Users\blu23\.m2\repository\org\springframework\spring-tuple\1.0.0.RELEASE\spring-tuple-1.0.0.RELEASE.jar;C:\Users\blu23\.m2\repository\com\esotericsoftware\kryo-shaded\3.0.3\kryo-shaded-3.0.3.jar;C:\Users\blu23\.m2\repository\com\esotericsoftware\minlog\1.3.0\minlog-1.3.0.jar;C:\Users\blu23\.m2\repository\org\springframework\integration\spring-integration-tuple\1.0.0.RELEASE\spring-integration-tuple-1.0.0.REL
Launcher Type: SUN_STANDARD

Environment Variables:
JAVA_HOME=C:\Program Files\Java\jdk1.8.0_211
PATH=C:\Program Files\Java\jdk1.8.0_211\jre\bin;C:/Program Files/Java/jre1.8.0_241/bin/server;C:/Program Files/Java/jre1.8.0_241/bin;C:/Program Files/Java/jre1.8.0_241/lib/amd64;C:\Program Files (x86)\Common Files\Oracle\Java\javapath;C:\Windows\system32;C:\Windows;C:\Windows\System32\Wbem;C:\Windows\System32\WindowsPowerShell\v1.0\;C:\Windows\System32\OpenSSH\;C:\Program Files (x86)\NVIDIA Corporation\PhysX\Common;C:\Program Files\Git\cmd;C:\Program Files\TortoiseGit\bin;C:\Program Files\nodejs\;C:\Program Files (x86)\Rational\common;%SystemRoot%\system32;%SystemRoot%;%SystemRoot%\System32\Wbem;%SYSTEMROOT%\System32\WindowsPowerShell\v1.0\;%SYSTEMROOT%\System32\OpenSSH\;C:\Users\blu23\AppData\Local\Microsoft\WindowsApps;C:\Users\blu23\Documents\apache-maven-3.6.0\bin;C:\Users\blu23\AppData\Local\Programs\Microsoft VS Code\bin;C:\Users\blu23\AppData\Roaming\npm;;C:\Users\blu23\Desktop;
USERNAME=blu23
OS=Windows_NT
PROCESSOR_IDENTIFIER=Intel64 Family 6 Model 60 Stepping 3, GenuineIntel



---------------  S Y S T E M  ---------------

OS: Windows 10.0 , 64 bit Build 18362 (10.0.18362.329)

CPU:total 8 (initial active 8) (4 cores per cpu, 2 threads per core) family 6 model 60 stepping 3, cmov, cx8, fxsr, mmx, sse, sse2, sse3, ssse3, sse4.1, sse4.2, popcnt, avx, avx2, aes, clmul, erms, lzcnt, ht, tsc, tscinvbit, bmi1, bmi2

Memory: 4k page, physical 16592048k(7141664k free), swap 19082416k(6837000k free)

vm_info: Java HotSpot(TM) 64-Bit Server VM (25.211-b12) for windows-amd64 JRE (1.8.0_211-b12), built on Apr  1 2019 20:53:26 by "java_re" with MS VC++ 10.0 (VS2010)

time: Sun Mar 15 11:38:09 2020
timezone: SE Asia Standard Time
elapsed time: 1 seconds (0d 0h 0m 1s)

