#
# A fatal error has been detected by the Java Runtime Environment:
#
#  EXCEPTION_PRIV_INSTRUCTION (0xc0000096) at pc=0x0000000002ea5a4d, pid=2468, tid=0x0000000000003b54
#
# JRE version: Java(TM) SE Runtime Environment (8.0_211-b12) (build 1.8.0_211-b12)
# Java VM: Java HotSpot(TM) 64-Bit Server VM (25.211-b12 mixed mode windows-amd64 compressed oops)
# Problematic frame:
# j  javax.persistence.Persistence.<clinit>()V+72
#
# Failed to write core dump. Minidumps are not enabled by default on client versions of Windows
#
# If you would like to submit a bug report, please visit:
#   http://bugreport.java.com/bugreport/crash.jsp
#

---------------  T H R E A D  ---------------

Current thread (0x0000000020528000):  JavaThread "background-preinit" [_thread_in_Java, id=15188, stack(0x0000000022680000,0x0000000022780000)]

siginfo: ExceptionCode=0xc0000096

Registers:
RAX=0x0000000000000000, RBX=0x0000000000000048, RCX=0x0000000000000000, RDX=0x0000000000000000
RSP=0x000000002277e430, RBP=0x000000002277e4c8, RSI=0x0000000020528000, RDI=0x00000000ffffffff
R8 =0x0000000000000061, R9 =0x00000000013a1850, R10=0x0000000000000061, R11=0x000000002277dc00
R12=0x0000000000000000, R13=0x0000000022940f82, R14=0x000000002277e4d0, R15=0x0000000020528000
RIP=0x0000000002ea5a4d, EFLAGS=0x0000000000010206

Top of Stack: (sp=0x000000002277e430)
0x000000002277e430:   0000000020528000 000000002277e4d0
0x000000002277e440:   0000000000000048 0000000020528000
0x000000002277e450:   00000000229422e0 000000005c68eef0
0x000000002277e460:   000000000000000a 000000000000000a
0x000000002277e470:   00000000ffffffff 0000000020528000
0x000000002277e480:   000000002277e4c8 000000002277e4b0
0x000000002277e490:   0000000000000048 0000000000000000
0x000000002277e4a0:   000000002277e4d0 0000000000002294
0x000000002277e4b0:   0000000022940f80 0000000000000000
0x000000002277e4c0:   000000002277e488 000000002277e5b0
0x000000002277e4d0:   0000000002ea08da 0000000000000000
0x000000002277e4e0:   0000000000000000 0000000000000000
0x000000002277e4f0:   0000000000000000 0000000000000000
0x000000002277e500:   0000000000000000 0000000000000000
0x000000002277e510:   0000000000000000 0000000000000000
0x000000002277e520:   0000000000000000 0000000000000000 

Instructions: (pc=0x0000000002ea5a4d)
0x0000000002ea5a2d:   48 b9 b0 df 47 5c 00 00 00 00 48 ba d7 59 ea 02
0x0000000002ea5a3d:   00 00 00 00 4c 8b c4 48 83 e4 f0 e8 73 12 2d 59
0x0000000002ea5a4d:   f4 66 90 00 00 00 00 00 00 00 00 00 00 00 00 00
0x0000000002ea5a5d:   00 00 00 80 20 00 00 00 00 00 00 98 df 47 5c 00 


Register to memory mapping:

RAX=0x0000000000000000 is an unknown value
RBX=0x0000000000000048 is an unknown value
RCX=0x0000000000000000 is an unknown value
RDX=0x0000000000000000 is an unknown value
RSP=0x000000002277e430 is pointing into the stack for thread: 0x0000000020528000
RBP=0x000000002277e4c8 is pointing into the stack for thread: 0x0000000020528000
RSI=0x0000000020528000 is a thread
RDI=0x00000000ffffffff is an unknown value
R8 =0x0000000000000061 is an unknown value
R9 =0x00000000013a1850 is an unknown value
R10=0x0000000000000061 is an unknown value
R11=0x000000002277dc00 is pointing into the stack for thread: 0x0000000020528000
R12=0x0000000000000000 is an unknown value
R13=0x0000000022940f82 is pointing into metadata
R14=0x000000002277e4d0 is pointing into the stack for thread: 0x0000000020528000
R15=0x0000000020528000 is a thread


Stack: [0x0000000022680000,0x0000000022780000],  sp=0x000000002277e430,  free space=1017k
Native frames: (J=compiled Java code, j=interpreted, Vv=VM code, C=native code)
C  0x0000000002ea5a4d


---------------  P R O C E S S  ---------------

Java Threads: ( => current thread )
=>0x0000000020528000 JavaThread "background-preinit" [_thread_in_Java, id=15188, stack(0x0000000022680000,0x0000000022780000)]
  0x0000000020747000 JavaThread "logback-appender-STASH-10.58.71.138:8000-2" daemon [_thread_in_native, id=8672, stack(0x0000000022480000,0x0000000022580000)]
  0x00000000207f7000 JavaThread "restartedMain" [_thread_in_native, id=16152, stack(0x0000000021e40000,0x0000000021f40000)]
  0x00000000207f6800 JavaThread "Thread-2" [_thread_blocked, id=10084, stack(0x0000000021d40000,0x0000000021e40000)]
  0x0000000020b66000 JavaThread "JMX server connection timeout 21" daemon [_thread_blocked, id=14112, stack(0x0000000021c40000,0x0000000021d40000)]
  0x0000000020c60800 JavaThread "RMI TCP Connection(2)-127.0.0.1" daemon [_thread_in_native, id=5052, stack(0x0000000021940000,0x0000000021a40000)]
  0x0000000020c3d800 JavaThread "RMI Scheduler(0)" daemon [_thread_blocked, id=12852, stack(0x0000000021740000,0x0000000021840000)]
  0x0000000020b78000 JavaThread "RMI TCP Connection(1)-127.0.0.1" daemon [_thread_in_native, id=6164, stack(0x0000000021640000,0x0000000021740000)]
  0x0000000020301800 JavaThread "RMI TCP Accept-0" daemon [_thread_in_native, id=10524, stack(0x0000000021440000,0x0000000021540000)]
  0x00000000202f5000 JavaThread "RMI TCP Accept-59523" daemon [_thread_in_native, id=15720, stack(0x0000000021340000,0x0000000021440000)]
  0x00000000202e5000 JavaThread "RMI TCP Accept-0" daemon [_thread_in_native, id=2484, stack(0x0000000021240000,0x0000000021340000)]
  0x000000001e740000 JavaThread "Service Thread" daemon [_thread_blocked, id=16172, stack(0x000000001f970000,0x000000001fa70000)]
  0x000000001e6a6800 JavaThread "C1 CompilerThread3" daemon [_thread_blocked, id=12568, stack(0x000000001f870000,0x000000001f970000)]
  0x000000001e6a4800 JavaThread "C2 CompilerThread2" daemon [_thread_blocked, id=9924, stack(0x000000001f770000,0x000000001f870000)]
  0x000000001e6a3000 JavaThread "C2 CompilerThread1" daemon [_thread_blocked, id=12576, stack(0x000000001f670000,0x000000001f770000)]
  0x000000001e69e800 JavaThread "C2 CompilerThread0" daemon [_thread_blocked, id=2740, stack(0x000000001f570000,0x000000001f670000)]
  0x000000001e68c800 JavaThread "JDWP Command Reader" daemon [_thread_in_native, id=9560, stack(0x000000001f470000,0x000000001f570000)]
  0x000000001e687800 JavaThread "JDWP Event Helper Thread" daemon [_thread_blocked, id=10168, stack(0x000000001f370000,0x000000001f470000)]
  0x000000001e67d000 JavaThread "JDWP Transport Listener: dt_socket" daemon [_thread_blocked, id=3696, stack(0x000000001f270000,0x000000001f370000)]
  0x000000001e671000 JavaThread "Attach Listener" daemon [_thread_blocked, id=11848, stack(0x000000001ee30000,0x000000001ef30000)]
  0x000000001e670000 JavaThread "Signal Dispatcher" daemon [_thread_blocked, id=3728, stack(0x000000001ed30000,0x000000001ee30000)]
  0x000000001c879000 JavaThread "Finalizer" daemon [_thread_blocked, id=6976, stack(0x000000001eb30000,0x000000001ec30000)]
  0x000000001e650800 JavaThread "Reference Handler" daemon [_thread_blocked, id=14768, stack(0x000000001ea30000,0x000000001eb30000)]
  0x0000000002dad000 JavaThread "main" [_thread_blocked, id=13468, stack(0x0000000002ca0000,0x0000000002da0000)]

Other Threads:
  0x000000001c86b800 VMThread [stack: 0x000000001e530000,0x000000001e630000] [id=15004]
  0x0000000020302800 WatcherThread [stack: 0x0000000021540000,0x0000000021640000] [id=8224]

VM state:not at safepoint (normal execution)

VM Mutex/Monitor currently owned by a thread: None

heap address: 0x00000006c2c00000, size: 4052 MB, Compressed Oops mode: Zero based, Oop shift amount: 3
Narrow klass base: 0x0000000000000000, Narrow klass shift: 3
Compressed class space size: 1073741824 Address: 0x00000007c0000000

Heap:
 PSYoungGen      total 75776K, used 61112K [0x000000076b980000, 0x0000000774d80000, 0x00000007c0000000)
  eden space 65024K, 83% used [0x000000076b980000,0x000000076ee84448,0x000000076f900000)
  from space 10752K, 63% used [0x0000000770380000,0x0000000770a29dc8,0x0000000770e00000)
  to   space 10752K, 0% used [0x000000076f900000,0x000000076f900000,0x0000000770380000)
 ParOldGen       total 173568K, used 88K [0x00000006c2c00000, 0x00000006cd580000, 0x000000076b980000)
  object space 173568K, 0% used [0x00000006c2c00000,0x00000006c2c16010,0x00000006cd580000)
 Metaspace       used 18165K, capacity 18526K, committed 18816K, reserved 1064960K
  class space    used 2260K, capacity 2382K, committed 2432K, reserved 1048576K

Card table byte_map: [0x0000000012260000,0x0000000012a50000] byte_map_base: 0x000000000ec4a000

Marking Bits: (ParMarkBitMap*) 0x000000005c6a5ce0
 Begin Bits: [0x00000000137a0000, 0x00000000176f0000)
 End Bits:   [0x00000000176f0000, 0x000000001b640000)

Polling page: 0x0000000000d90000

CodeCache: size=245760Kb used=3310Kb max_used=3310Kb free=242449Kb
 bounds [0x0000000002ea0000, 0x00000000031e0000, 0x0000000011ea0000]
 total_blobs=1749 nmethods=1340 adapters=329
 compilation: enabled

Compilation events (10 events):
Event: 1.611 Thread 0x000000001e6a6800 1336       1       java.lang.StringBuilder::append (8 bytes)
Event: 1.611 Thread 0x000000001e6a6800 nmethod 1336 0x00000000031da210 code [0x00000000031da360, 0x00000000031da4a8]
Event: 1.611 Thread 0x000000001e6a6800 1337       1       java.lang.AbstractStringBuilder::append (54 bytes)
Event: 1.611 Thread 0x000000001e6a6800 nmethod 1337 0x00000000031da510 code [0x00000000031da6c0, 0x00000000031da9c8]
Event: 1.611 Thread 0x000000001e6a6800 1338       1       java.lang.StringBuilder::append (6 bytes)
Event: 1.611 Thread 0x000000001e6a6800 nmethod 1338 0x00000000031dab10 code [0x00000000031dac60, 0x00000000031dada8]
Event: 1.615 Thread 0x000000001e6a6800 1339       1       java.util.regex.Pattern$BranchConn::match (11 bytes)
Event: 1.615 Thread 0x000000001e6a6800 nmethod 1339 0x00000000031db0d0 code [0x00000000031db220, 0x00000000031db388]
Event: 1.619 Thread 0x000000001e6a6800 1340       1       java.nio.Buffer::limit (62 bytes)
Event: 1.619 Thread 0x000000001e6a6800 nmethod 1340 0x00000000031db410 code [0x00000000031db580, 0x00000000031db788]

GC Heap History (4 events):
Event: 1.019 GC heap before
{Heap before GC invocations=1 (full 0):
 PSYoungGen      total 75776K, used 64999K [0x000000076b980000, 0x0000000770e00000, 0x00000007c0000000)
  eden space 65024K, 99% used [0x000000076b980000,0x000000076f8f9cb0,0x000000076f900000)
  from space 10752K, 0% used [0x0000000770380000,0x0000000770380000,0x0000000770e00000)
  to   space 10752K, 0% used [0x000000076f900000,0x000000076f900000,0x0000000770380000)
 ParOldGen       total 173568K, used 0K [0x00000006c2c00000, 0x00000006cd580000, 0x000000076b980000)
  object space 173568K, 0% used [0x00000006c2c00000,0x00000006c2c00000,0x00000006cd580000)
 Metaspace       used 9127K, capacity 9318K, committed 9472K, reserved 1056768K
  class space    used 1111K, capacity 1211K, committed 1280K, reserved 1048576K
Event: 1.027 GC heap after
Heap after GC invocations=1 (full 0):
 PSYoungGen      total 75776K, used 7769K [0x000000076b980000, 0x0000000770e00000, 0x00000007c0000000)
  eden space 65024K, 0% used [0x000000076b980000,0x000000076b980000,0x000000076f900000)
  from space 10752K, 72% used [0x000000076f900000,0x0000000770096598,0x0000000770380000)
  to   space 10752K, 0% used [0x0000000770380000,0x0000000770380000,0x0000000770e00000)
 ParOldGen       total 173568K, used 16K [0x00000006c2c00000, 0x00000006cd580000, 0x000000076b980000)
  object space 173568K, 0% used [0x00000006c2c00000,0x00000006c2c04000,0x00000006cd580000)
 Metaspace       used 9127K, capacity 9318K, committed 9472K, reserved 1056768K
  class space    used 1111K, capacity 1211K, committed 1280K, reserved 1048576K
}
Event: 1.390 GC heap before
{Heap before GC invocations=2 (full 0):
 PSYoungGen      total 75776K, used 72793K [0x000000076b980000, 0x0000000770e00000, 0x00000007c0000000)
  eden space 65024K, 100% used [0x000000076b980000,0x000000076f900000,0x000000076f900000)
  from space 10752K, 72% used [0x000000076f900000,0x0000000770096598,0x0000000770380000)
  to   space 10752K, 0% used [0x0000000770380000,0x0000000770380000,0x0000000770e00000)
 ParOldGen       total 173568K, used 16K [0x00000006c2c00000, 0x00000006cd580000, 0x000000076b980000)
  object space 173568K, 0% used [0x00000006c2c00000,0x00000006c2c04000,0x00000006cd580000)
 Metaspace       used 14179K, capacity 14448K, committed 14720K, reserved 1062912K
  class space    used 1757K, capacity 1855K, committed 1920K, reserved 1048576K
Event: 1.395 GC heap after
Heap after GC invocations=2 (full 0):
 PSYoungGen      total 75776K, used 6823K [0x000000076b980000, 0x0000000774d80000, 0x00000007c0000000)
  eden space 65024K, 0% used [0x000000076b980000,0x000000076b980000,0x000000076f900000)
  from space 10752K, 63% used [0x0000000770380000,0x0000000770a29dc8,0x0000000770e00000)
  to   space 10752K, 0% used [0x000000076f900000,0x000000076f900000,0x0000000770380000)
 ParOldGen       total 173568K, used 88K [0x00000006c2c00000, 0x00000006cd580000, 0x000000076b980000)
  object space 173568K, 0% used [0x00000006c2c00000,0x00000006c2c16010,0x00000006cd580000)
 Metaspace       used 14179K, capacity 14448K, committed 14720K, reserved 1062912K
  class space    used 1757K, capacity 1855K, committed 1920K, reserved 1048576K
}

Deoptimization events (0 events):
No events

Classes redefined (0 events):
No events

Internal exceptions (10 events):
Event: 1.568 Thread 0x00000000207f7000 Exception <a 'java/lang/ArrayIndexOutOfBoundsException'> (0x000000076e032fc8) thrown at [C:\re\workspace\8-2-build-windows-amd64-cygwin\jdk8u211\12973\hotspot\src\share\vm\runtime\sharedRuntime.cpp, line 605]
Event: 1.568 Thread 0x0000000020528000 Exception <a 'java/lang/ArrayIndexOutOfBoundsException'> (0x000000076e0f3c60) thrown at [C:\re\workspace\8-2-build-windows-amd64-cygwin\jdk8u211\12973\hotspot\src\share\vm\runtime\sharedRuntime.cpp, line 605]
Event: 1.568 Thread 0x00000000207f7000 Exception <a 'java/lang/ArrayIndexOutOfBoundsException'> (0x000000076e03d2b0) thrown at [C:\re\workspace\8-2-build-windows-amd64-cygwin\jdk8u211\12973\hotspot\src\share\vm\runtime\sharedRuntime.cpp, line 605]
Event: 1.569 Thread 0x00000000207f7000 Exception <a 'java/lang/ArrayIndexOutOfBoundsException'> (0x000000076e047de0) thrown at [C:\re\workspace\8-2-build-windows-amd64-cygwin\jdk8u211\12973\hotspot\src\share\vm\runtime\sharedRuntime.cpp, line 605]
Event: 1.569 Thread 0x00000000207f7000 Exception <a 'java/lang/ArrayIndexOutOfBoundsException'> (0x000000076e161698) thrown at [C:\re\workspace\8-2-build-windows-amd64-cygwin\jdk8u211\12973\hotspot\src\share\vm\runtime\sharedRuntime.cpp, line 605]
Event: 1.573 Thread 0x00000000207f7000 Exception <a 'java/lang/ArrayIndexOutOfBoundsException'> (0x000000076e1c1b38) thrown at [C:\re\workspace\8-2-build-windows-amd64-cygwin\jdk8u211\12973\hotspot\src\share\vm\runtime\sharedRuntime.cpp, line 605]
Event: 1.591 Thread 0x00000000207f7000 Exception <a 'java/lang/NoSuchMethodError': java.lang.Object.lambda$identity$2(Ljava/lang/Object;)Ljava/lang/Object;> (0x000000076e65f790) thrown at [C:\re\workspace\8-2-build-windows-amd64-cygwin\jdk8u211\12973\hotspot\src\share\vm\interpreter\linkResolv
Event: 1.593 Thread 0x00000000207f7000 Exception <a 'java/lang/NoSuchMethodError': java.lang.Object.lambda$static$0(CI)C> (0x000000076e6827d0) thrown at [C:\re\workspace\8-2-build-windows-amd64-cygwin\jdk8u211\12973\hotspot\src\share\vm\interpreter\linkResolver.cpp, line 620]
Event: 1.594 Thread 0x00000000207f7000 Exception <a 'java/lang/NoSuchMethodError': java.lang.Object.lambda$static$1(CI)C> (0x000000076e685238) thrown at [C:\re\workspace\8-2-build-windows-amd64-cygwin\jdk8u211\12973\hotspot\src\share\vm\interpreter\linkResolver.cpp, line 620]
Event: 1.597 Thread 0x00000000207f7000 Exception <a 'java/lang/NoSuchMethodError': java.lang.Object.lambda$chars$0()Ljava/util/Spliterator$OfInt;> (0x000000076e6b19e0) thrown at [C:\re\workspace\8-2-build-windows-amd64-cygwin\jdk8u211\12973\hotspot\src\share\vm\interpreter\linkResolver.cpp, li

Events (10 events):
Event: 1.640 Thread 0x0000000020528000 DEOPT PACKING pc=0x00000000031802cc sp=0x000000002277cbb0
Event: 1.640 Thread 0x0000000020528000 DEOPT UNPACKING pc=0x0000000002ee7890 sp=0x000000002277c9d0 mode 1
Event: 1.640 Thread 0x0000000020528000 DEOPT PACKING pc=0x00000000030b9c91 sp=0x000000002277cbf0
Event: 1.640 Thread 0x0000000020528000 DEOPT UNPACKING pc=0x0000000002ee7890 sp=0x000000002277c950 mode 1
Event: 1.640 Thread 0x0000000020528000 DEOPT PACKING pc=0x00000000030a978c sp=0x000000002277cd40
Event: 1.640 Thread 0x0000000020528000 DEOPT UNPACKING pc=0x0000000002ee7890 sp=0x000000002277cab8 mode 1
Event: 1.640 Thread 0x0000000020528000 DEOPT PACKING pc=0x000000000309dc7c sp=0x000000002277cdf0
Event: 1.640 Thread 0x0000000020528000 DEOPT UNPACKING pc=0x0000000002ee7890 sp=0x000000002277cb30 mode 1
Event: 1.640 Thread 0x0000000020528000 DEOPT PACKING pc=0x000000000318b28c sp=0x000000002277d720
Event: 1.640 Thread 0x0000000020528000 DEOPT UNPACKING pc=0x0000000002ee7890 sp=0x000000002277d498 mode 1


Dynamic libraries:
0x00007ff736930000 - 0x00007ff736967000 	C:\Program Files\Java\jdk1.8.0_211\bin\javaw.exe
0x00007ffe85780000 - 0x00007ffe85970000 	C:\WINDOWS\SYSTEM32\ntdll.dll
0x00007ffe854d0000 - 0x00007ffe85582000 	C:\WINDOWS\System32\KERNEL32.DLL
0x00007ffe82710000 - 0x00007ffe829b3000 	C:\WINDOWS\System32\KERNELBASE.dll
0x00007ffe845d0000 - 0x00007ffe84673000 	C:\WINDOWS\System32\ADVAPI32.dll
0x00007ffe85590000 - 0x00007ffe8562e000 	C:\WINDOWS\System32\msvcrt.dll
0x00007ffe839e0000 - 0x00007ffe83a77000 	C:\WINDOWS\System32\sechost.dll
0x00007ffe83f10000 - 0x00007ffe84030000 	C:\WINDOWS\System32\RPCRT4.dll
0x00007ffe85330000 - 0x00007ffe854c4000 	C:\WINDOWS\System32\USER32.dll
0x00007ffe83530000 - 0x00007ffe83551000 	C:\WINDOWS\System32\win32u.dll
0x00007ffe83d90000 - 0x00007ffe83db6000 	C:\WINDOWS\System32\GDI32.dll
0x00007ffe835e0000 - 0x00007ffe83774000 	C:\WINDOWS\System32\gdi32full.dll
0x00007ffe83190000 - 0x00007ffe8322e000 	C:\WINDOWS\System32\msvcp_win.dll
0x00007ffe83400000 - 0x00007ffe834fa000 	C:\WINDOWS\System32\ucrtbase.dll
0x00007ffe73470000 - 0x00007ffe736f5000 	C:\WINDOWS\WinSxS\amd64_microsoft.windows.common-controls_6595b64144ccf1df_6.0.18362.720_none_e6beb5c51314836b\COMCTL32.dll
0x00007ffe84ff0000 - 0x00007ffe85326000 	C:\WINDOWS\System32\combase.dll
0x00007ffe83560000 - 0x00007ffe835e0000 	C:\WINDOWS\System32\bcryptPrimitives.dll
0x00007ffe83a80000 - 0x00007ffe83aae000 	C:\WINDOWS\System32\IMM32.DLL
0x000000005c730000 - 0x000000005c802000 	C:\Program Files\Java\jdk1.8.0_211\jre\bin\msvcr100.dll
0x000000005be80000 - 0x000000005c725000 	C:\Program Files\Java\jdk1.8.0_211\jre\bin\server\jvm.dll
0x00007ffe83ab0000 - 0x00007ffe83ab8000 	C:\WINDOWS\System32\PSAPI.DLL
0x00007ffe7f3e0000 - 0x00007ffe7f3e9000 	C:\WINDOWS\SYSTEM32\WSOCK32.dll
0x00007ffe83ac0000 - 0x00007ffe83b2f000 	C:\WINDOWS\System32\WS2_32.dll
0x00007ffe7cb30000 - 0x00007ffe7cb3a000 	C:\WINDOWS\SYSTEM32\VERSION.dll
0x00007ffe7f300000 - 0x00007ffe7f324000 	C:\WINDOWS\SYSTEM32\WINMM.dll
0x00007ffe7f2d0000 - 0x00007ffe7f2fd000 	C:\WINDOWS\SYSTEM32\winmmbase.dll
0x00007ffe83140000 - 0x00007ffe8318a000 	C:\WINDOWS\System32\cfgmgr32.dll
0x00007ffe7d4b0000 - 0x00007ffe7d4bf000 	C:\Program Files\Java\jdk1.8.0_211\jre\bin\verify.dll
0x00007ffe712a0000 - 0x00007ffe712c9000 	C:\Program Files\Java\jdk1.8.0_211\jre\bin\java.dll
0x00007ffe71260000 - 0x00007ffe71295000 	C:\Program Files\Java\jdk1.8.0_211\jre\bin\jdwp.dll
0x00007ffe72810000 - 0x00007ffe72818000 	C:\Program Files\Java\jdk1.8.0_211\jre\bin\npt.dll
0x00007ffe71240000 - 0x00007ffe71256000 	C:\Program Files\Java\jdk1.8.0_211\jre\bin\zip.dll
0x00007ffe84690000 - 0x00007ffe84d75000 	C:\WINDOWS\System32\SHELL32.dll
0x00007ffe85630000 - 0x00007ffe856d9000 	C:\WINDOWS\System32\shcore.dll
0x00007ffe829c0000 - 0x00007ffe83140000 	C:\WINDOWS\System32\windows.storage.dll
0x00007ffe82650000 - 0x00007ffe82673000 	C:\WINDOWS\System32\profapi.dll
0x00007ffe82680000 - 0x00007ffe826ca000 	C:\WINDOWS\System32\powrprof.dll
0x00007ffe82640000 - 0x00007ffe82650000 	C:\WINDOWS\System32\UMPDC.dll
0x00007ffe84f90000 - 0x00007ffe84fe2000 	C:\WINDOWS\System32\shlwapi.dll
0x00007ffe826f0000 - 0x00007ffe82701000 	C:\WINDOWS\System32\kernel.appcore.dll
0x00007ffe83230000 - 0x00007ffe83247000 	C:\WINDOWS\System32\cryptsp.dll
0x00007ffe71f10000 - 0x00007ffe71f19000 	C:\Program Files\Java\jdk1.8.0_211\jre\bin\dt_socket.dll
0x00007ffe6dd30000 - 0x00007ffe6dd46000 	C:\WINDOWS\system32\napinsp.dll
0x00007ffe6dd00000 - 0x00007ffe6dd1a000 	C:\WINDOWS\system32\pnrpnsp.dll
0x00007ffe81eb0000 - 0x00007ffe81f17000 	C:\WINDOWS\System32\mswsock.dll
0x00007ffe81c00000 - 0x00007ffe81cca000 	C:\WINDOWS\SYSTEM32\DNSAPI.dll
0x00007ffe83d60000 - 0x00007ffe83d68000 	C:\WINDOWS\System32\NSI.dll
0x00007ffe81bc0000 - 0x00007ffe81bfa000 	C:\WINDOWS\SYSTEM32\IPHLPAPI.DLL
0x00007ffe6dcf0000 - 0x00007ffe6dcfe000 	C:\WINDOWS\System32\winrnr.dll
0x00007ffe7c9f0000 - 0x00007ffe7ca0c000 	C:\WINDOWS\system32\NLAapi.dll
0x00007ffe6dcd0000 - 0x00007ffe6dce5000 	C:\WINDOWS\system32\wshbth.dll
0x00007ffe7b8a0000 - 0x00007ffe7b917000 	C:\WINDOWS\System32\fwpuclnt.dll
0x00007ffe83500000 - 0x00007ffe83526000 	C:\WINDOWS\System32\bcrypt.dll
0x00007ffe79080000 - 0x00007ffe7908a000 	C:\Windows\System32\rasadhlp.dll
0x00007ffe716e0000 - 0x00007ffe716ed000 	C:\Program Files\Java\jdk1.8.0_211\jre\bin\management.dll
0x00007ffe71100000 - 0x00007ffe7111a000 	C:\Program Files\Java\jdk1.8.0_211\jre\bin\net.dll
0x00007ffe74b20000 - 0x00007ffe74cf5000 	C:\WINDOWS\SYSTEM32\urlmon.dll
0x00007ffe74720000 - 0x00007ffe749c6000 	C:\WINDOWS\SYSTEM32\iertutil.dll
0x00007ffe82080000 - 0x00007ffe8208c000 	C:\WINDOWS\SYSTEM32\CRYPTBASE.DLL
0x00007ffe710e0000 - 0x00007ffe710f2000 	C:\Program Files\Java\jdk1.8.0_211\jre\bin\nio.dll
0x00007ffe81a20000 - 0x00007ffe81a53000 	C:\WINDOWS\system32\rsaenh.dll
0x00007ffe82560000 - 0x00007ffe82585000 	C:\WINDOWS\SYSTEM32\USERENV.dll
0x00007ffe7e790000 - 0x00007ffe7e7a6000 	C:\WINDOWS\SYSTEM32\dhcpcsvc6.DLL
0x00007ffe7c930000 - 0x00007ffe7c94c000 	C:\WINDOWS\SYSTEM32\dhcpcsvc.DLL
0x00007ffe781c0000 - 0x00007ffe783b4000 	C:\WINDOWS\SYSTEM32\dbghelp.dll

VM Arguments:
jvm_args: -agentlib:jdwp=transport=dt_socket,suspend=y,address=localhost:59524 -Dcom.sun.management.jmxremote -Dcom.sun.management.jmxremote.port=59523 -Dcom.sun.management.jmxremote.authenticate=false -Dcom.sun.management.jmxremote.ssl=false -Djava.rmi.server.hostname=localhost -Dspring.application.admin.enabled=true -Xverify:none -XX:TieredStopAtLevel=1 -Dfile.encoding=UTF-8 
java_command: com.apigateway.config.ApiGatewayApplication
java_class_path (initial): C:\Users\blu23\Documents\My Project\hiep-projects\api-gateway\target\classes;C:\Users\blu23\Documents\My Project\hiep-projects\api-common\target\classes;C:\Users\blu23\.m2\repository\junit\junit\4.12\junit-4.12.jar;C:\Users\blu23\.m2\repository\org\springframework\cloud\spring-cloud-starter-stream-kafka\2.0.0.RELEASE\spring-cloud-starter-stream-kafka-2.0.0.RELEASE.jar;C:\Users\blu23\.m2\repository\org\springframework\cloud\spring-cloud-stream-binder-kafka\2.0.0.RELEASE\spring-cloud-stream-binder-kafka-2.0.0.RELEASE.jar;C:\Users\blu23\.m2\repository\org\springframework\cloud\spring-cloud-stream-binder-kafka-core\2.0.0.RELEASE\spring-cloud-stream-binder-kafka-core-2.0.0.RELEASE.jar;C:\Users\blu23\.m2\repository\org\springframework\integration\spring-integration-kafka\3.0.3.RELEASE\spring-integration-kafka-3.0.3.RELEASE.jar;C:\Users\blu23\.m2\repository\org\springframework\cloud\spring-cloud-stream\2.0.0.RELEASE\spring-cloud-stream-2.0.0.RELEASE.jar;C:\Users\blu23\.m2\repository\org\springframework\boot\spring-boot-starter-validation\2.0.6.RELEASE\spring-boot-starter-validation-2.0.6.RELEASE.jar;C:\Users\blu23\.m2\repository\org\springframework\spring-messaging\5.0.10.RELEASE\spring-messaging-5.0.10.RELEASE.jar;C:\Users\blu23\.m2\repository\org\springframework\integration\spring-integration-core\5.0.9.RELEASE\spring-integration-core-5.0.9.RELEASE.jar;C:\Users\blu23\.m2\repository\io\projectreactor\reactor-core\3.1.10.RELEASE\reactor-core-3.1.10.RELEASE.jar;C:\Users\blu23\.m2\repository\org\springframework\integration\spring-integration-jmx\5.0.9.RELEASE\spring-integration-jmx-5.0.9.RELEASE.jar;C:\Users\blu23\.m2\repository\org\springframework\spring-tuple\1.0.0.RELEASE\spring-tuple-1.0.0.RELEASE.jar;C:\Users\blu23\.m2\repository\com\esotericsoftware\kryo-shaded\3.0.3\kryo-shaded-3.0.3.jar;C:\Users\blu23\.m2\repository\com\esotericsoftware\minlog\1.3.0\minlog-1.3.0.jar;C:\Users\blu23\.m2\repository\org\springframework\integration\spring-inte
Launcher Type: SUN_STANDARD

Environment Variables:
JAVA_HOME=C:\Program Files\Java\jdk1.8.0_211
PATH=C:\Program Files\Java\jdk1.8.0_211\jre\bin;C:/Program Files/Java/jre1.8.0_241/bin/server;C:/Program Files/Java/jre1.8.0_241/bin;C:/Program Files/Java/jre1.8.0_241/lib/amd64;C:\Program Files (x86)\Common Files\Oracle\Java\javapath;C:\Windows\system32;C:\Windows;C:\Windows\System32\Wbem;C:\Windows\System32\WindowsPowerShell\v1.0\;C:\Windows\System32\OpenSSH\;C:\Program Files (x86)\NVIDIA Corporation\PhysX\Common;C:\Program Files\Git\cmd;C:\Program Files\TortoiseGit\bin;C:\Program Files\nodejs\;C:\Program Files (x86)\Rational\common;%SystemRoot%\system32;%SystemRoot%;%SystemRoot%\System32\Wbem;%SYSTEMROOT%\System32\WindowsPowerShell\v1.0\;%SYSTEMROOT%\System32\OpenSSH\;C:\Users\blu23\AppData\Local\Microsoft\WindowsApps;C:\Users\blu23\Documents\apache-maven-3.6.0\bin;C:\Users\blu23\AppData\Local\Programs\Microsoft VS Code\bin;C:\Users\blu23\AppData\Roaming\npm;;C:\Users\blu23\Desktop;
USERNAME=blu23
OS=Windows_NT
PROCESSOR_IDENTIFIER=Intel64 Family 6 Model 60 Stepping 3, GenuineIntel



---------------  S Y S T E M  ---------------

OS: Windows 10.0 , 64 bit Build 18362 (10.0.18362.329)

CPU:total 8 (initial active 8) (4 cores per cpu, 2 threads per core) family 6 model 60 stepping 3, cmov, cx8, fxsr, mmx, sse, sse2, sse3, ssse3, sse4.1, sse4.2, popcnt, avx, avx2, aes, clmul, erms, lzcnt, ht, tsc, tscinvbit, bmi1, bmi2

Memory: 4k page, physical 16592048k(7125084k free), swap 19082416k(6841556k free)

vm_info: Java HotSpot(TM) 64-Bit Server VM (25.211-b12) for windows-amd64 JRE (1.8.0_211-b12), built on Apr  1 2019 20:53:26 by "java_re" with MS VC++ 10.0 (VS2010)

time: Sun Mar 15 11:41:59 2020
timezone: SE Asia Standard Time
elapsed time: 1 seconds (0d 0h 0m 1s)

